<html>
<head>
<title>TestNG:  Command line test</title>
<link href="../testng.css" rel="stylesheet" type="text/css" />
<link href="../my-testng.css" rel="stylesheet" type="text/css" />

<style type="text/css">
.log { display: none;} 
.stack-trace { display: none;} 
</style>
<script type="text/javascript">
<!--
function flip(e) {
  current = e.style.display;
  if (current == 'block') {
    e.style.display = 'none';
    return 0;
  }
  else {
    e.style.display = 'block';
    return 1;
  }
}

function toggleBox(szDivId, elem, msg1, msg2)
{
  var res = -1;  if (document.getElementById) {
    res = flip(document.getElementById(szDivId));
  }
  else if (document.all) {
    // this is the way old msie versions work
    res = flip(document.all[szDivId]);
  }
  if(elem) {
    if(res == 0) elem.innerHTML = msg1; else elem.innerHTML = msg2;
  }

}

function toggleAllBoxes() {
  if (document.getElementsByTagName) {
    d = document.getElementsByTagName('div');
    for (i = 0; i < d.length; i++) {
      if (d[i].className == 'log') {
        flip(d[i]);
      }
    }
  }
}

// -->
</script>

</head>
<body>
<h2 align='center'>Command line test</h2><table border='1' align="center">
<tr>
<td>Tests passed/Failed/Skipped:</td><td>0/1/0</td>
</tr><tr>
<td>Started on:</td><td>Mon Jun 30 15:51:58 IST 2014</td>
</tr>
<tr><td>Total time:</td><td>51 seconds (51933 ms)</td>
</tr><tr>
<td>Included groups:</td><td></td>
</tr><tr>
<td>Excluded groups:</td><td></td>
</tr>
</table><p/>
<small><i>(Hover the method name to see the test class name)</i></small><p/>
<table width='100%' border='1' class='invocation-failed'>
<tr><td colspan='4' align='center'><b>FAILED TESTS</b></td></tr>
<tr><td><b>Test method</b></td>
<td width="30%"><b>Exception</b></td>
<td width="10%"><b>Time (seconds)</b></td>
<td><b>Instance</b></td>
</tr>
<tr>
<td title='com.gb.search.utils.AllTest.alltest()'><b>alltest</b><br>Test class: com.gb.search.utils.AllTest</td>
<td><div><pre>org.openqa.selenium.InvalidSelectorException: The given selector css=#filterlink_2 &gt; span &gt; #filterlink-close_1 is either invalid or does not result in a WebElement. The following error occurred:
InvalidSelectorError: Unable to locate an element with the xpath expression css=#filterlink_2 &gt; span &gt; #filterlink-close_1 because of the following error:
[Exception... &quot;The expression is not a legal expression.&quot;  code: &quot;12&quot; nsresult: &quot;0x805b0033 (SyntaxError)&quot;  location: &quot;file:///C:/Users/REKHA~1.SIN/AppData/Local/Temp/anonymous692956846711346665webdriver-profile/extensions/fxdriver@googlecode.com/components/driver_component.js Line: 6492&quot;]
Command duration or timeout: 27 milliseconds
For documentation on this error, please visit: http://seleniumhq.org/exceptions/invalid_selector_exception.html
Build info: version: &apos;2.42.2&apos;, revision: &apos;6a6995d31c7c56c340d6f45a76976d43506cd6cc&apos;, time: &apos;2014-06-03 10:52:47&apos;
System info: host: &apos;inblrlt-REKHA&apos;, ip: &apos;192.168.56.1&apos;, os.name: &apos;Windows 7&apos;, os.arch: &apos;x86&apos;, os.version: &apos;6.1&apos;, java.version: &apos;1.7.0_05&apos;
Session ID: 5b388a35-66c6-4bba-be78-c4ec3df42ceb
Driver info: org.openqa.selenium.firefox.FirefoxDriver
Capabilities [{platform=XP, acceptSslCerts=true, javascriptEnabled=true, browserName=firefox, rotatable=false, locationContextEnabled=true, version=24.0, cssSelectorsEnabled=true, databaseEnabled=true, handlesAlerts=true, browserConnectionEnabled=true, nativeEvents=true, webStorageEnabled=true, applicationCacheEnabled=true, takesScreenshot=true}]
	at org.openqa.selenium.remote.ErrorHandler.createThrowable(ErrorHandler.java:204)
	at org.openqa.selenium.remote.ErrorHandler.throwIfResponseFailed(ErrorHandler.java:156)
	at org.openqa.selenium.remote.RemoteWebDriver.execute(RemoteWebDriver.java:599)
	at org.openqa.selenium.remote.RemoteWebDriver.findElement(RemoteWebDriver.java:352)
	at org.openqa.selenium.remote.RemoteWebDriver.findElementByXPath(RemoteWebDriver.java:449)
	at org.openqa.selenium.By$ByXPath.findElement(By.java:357)
	at org.openqa.selenium.remote.RemoteWebDriver.findElement(RemoteWebDriver.java:344)
	at org.openqa.selenium.support.pagefactory.DefaultElementLocator.findElement(DefaultElementLocator.java:59)
	at org.openqa.selenium.support.pagefactory.internal.LocatingElementHandler.invoke(LocatingElementHandler.java:34)
	at $Proxy9.click(Unknown Source)
	at com.gb.analytic.dashboard.VerifyCategoryReportTest.verifyclosingreportinstanceviewer(VerifyCategoryReportTest.java:113)
	at com.gb.search.utils.AllTest.alltest(AllTest.java:36)
	at org.apache.maven.surefire.testng.TestNGExecutor.run(TestNGExecutor.java:77)
	at org.apache.maven.surefire.testng.TestNGDirectoryTestSuite.executeMulti(TestNGDirectoryTestSuite.java:159)
	at org.apache.maven.surefire.testng.TestNGDirectoryTestSuite.execute(TestNGDirectoryTestSuite.java:99)
	at org.apache.maven.surefire.testng.TestNGProvider.invoke(TestNGProvider.java:106)
	at org.apache.maven.surefire.util.ReflectionUtils.invokeMethodWithArray(ReflectionUtils.java:189)
	at org.apache.maven.surefire.booter.ProviderFactory$ProviderProxy.invoke(ProviderFactory.java:165)
	at org.apache.maven.surefire.booter.ProviderFactory.invokeProvider(ProviderFactory.java:85)
	at org.apache.maven.surefire.booter.ForkedBooter.runSuitesInProcess(ForkedBooter.java:115)
	at org.apache.maven.surefire.booter.ForkedBooter.main(ForkedBooter.java:75)
Caused by: org.openqa.selenium.remote.ErrorHandler$UnknownServerException: The given selector css=#filterlink_2 &gt; span &gt; #filterlink-close_1 is either invalid or does not result in a WebElement. The following error occurred:
InvalidSelectorError: Unable to locate an element with the xpath expression css=#filterlink_2 &gt; span &gt; #filterlink-close_1 because of the following error:
[Exception... &quot;The expression is not a legal expression.&quot;  code: &quot;12&quot; nsresult: &quot;0x805b0033 (SyntaxError)&quot;  location: &quot;file:///C:/Users/REKHA~1.SIN/AppData/Local/Temp/anonymous692956846711346665webdriver-profile/extensions/fxdriver@googlecode.com/components/driver_component.js Line: 6492&quot;]
Build info: version: &apos;2.42.2&apos;, revision: &apos;6a6995d31c7c56c340d6f45a76976d43506cd6cc&apos;, time: &apos;2014-06-03 10:52:47&apos;
System info: host: &apos;inblrlt-REKHA&apos;, ip: &apos;192.168.56.1&apos;, os.name: &apos;Windows 7&apos;, os.arch: &apos;x86&apos;, os.version: &apos;6.1&apos;, java.version: &apos;1.7.0_05&apos;
Driver info: driver.version: unknown
	at &lt;anonymous class&gt;.FirefoxDriver.annotateInvalidSelectorError_(file:///C:/Users/REKHA~1.SIN/AppData/Local/Temp/anonymous692956846711346665webdriver-profile/extensions/fxdriver@googlecode.com/components/driver_component.js:9444)
	at &lt;anonymous class&gt;.FirefoxDriver.prototype.findElementInternal_(file:///C:/Users/REKHA~1.SIN/AppData/Local/Temp/anonymous692956846711346665webdriver-profile/extensions/fxdriver@googlecode.com/components/driver_component.js:9475)
	at &lt;anonymous class&gt;.FirefoxDriver.prototype.findElement(file:///C:/Users/REKHA~1.SIN/AppData/Local/Temp/anonymous692956846711346665webdriver-profile/extensions/fxdriver@googlecode.com/components/driver_component.js:9479)
	at &lt;anonymous class&gt;.DelayedCommand.prototype.executeInternal_/h(file:///C:/Users/REKHA~1.SIN/AppData/Local/Temp/anonymous692956846711346665webdriver-profile/extensions/fxdriver@googlecode.com/components/command_processor.js:11455)
	at &lt;anonymous class&gt;.DelayedCommand.prototype.executeInternal_(file:///C:/Users/REKHA~1.SIN/AppData/Local/Temp/anonymous692956846711346665webdriver-profile/extensions/fxdriver@googlecode.com/components/command_processor.js:11460)
	at &lt;anonymous class&gt;.DelayedCommand.prototype.execute/&lt;(file:///C:/Users/REKHA~1.SIN/AppData/Local/Temp/anonymous692956846711346665webdriver-profile/extensions/fxdriver@googlecode.com/components/command_processor.js:11402)
... Removed 30 stack frames</pre></div><a href='#' onClick='toggleBox("stack-trace10914801", this, "Click to show all stack frames", "Click to hide stack frames")'>Click to show all stack frames</a>
<div class='stack-trace' id='stack-trace10914801'><pre>org.openqa.selenium.InvalidSelectorException: The given selector css=#filterlink_2 &gt; span &gt; #filterlink-close_1 is either invalid or does not result in a WebElement. The following error occurred:
InvalidSelectorError: Unable to locate an element with the xpath expression css=#filterlink_2 &gt; span &gt; #filterlink-close_1 because of the following error:
[Exception... "The expression is not a legal expression."  code: "12" nsresult: "0x805b0033 (SyntaxError)"  location: "file:///C:/Users/REKHA~1.SIN/AppData/Local/Temp/anonymous692956846711346665webdriver-profile/extensions/fxdriver@googlecode.com/components/driver_component.js Line: 6492"]
Command duration or timeout: 27 milliseconds
For documentation on this error, please visit: http://seleniumhq.org/exceptions/invalid_selector_exception.html
Build info: version: '2.42.2', revision: '6a6995d31c7c56c340d6f45a76976d43506cd6cc', time: '2014-06-03 10:52:47'
System info: host: 'inblrlt-REKHA', ip: '192.168.56.1', os.name: 'Windows 7', os.arch: 'x86', os.version: '6.1', java.version: '1.7.0_05'
Session ID: 5b388a35-66c6-4bba-be78-c4ec3df42ceb
Driver info: org.openqa.selenium.firefox.FirefoxDriver
Capabilities [{platform=XP, acceptSslCerts=true, javascriptEnabled=true, browserName=firefox, rotatable=false, locationContextEnabled=true, version=24.0, cssSelectorsEnabled=true, databaseEnabled=true, handlesAlerts=true, browserConnectionEnabled=true, nativeEvents=true, webStorageEnabled=true, applicationCacheEnabled=true, takesScreenshot=true}]
	at sun.reflect.NativeConstructorAccessorImpl.newInstance0(Native Method)
	at sun.reflect.NativeConstructorAccessorImpl.newInstance(Unknown Source)
	at sun.reflect.DelegatingConstructorAccessorImpl.newInstance(Unknown Source)
	at java.lang.reflect.Constructor.newInstance(Unknown Source)
	at org.openqa.selenium.remote.ErrorHandler.createThrowable(ErrorHandler.java:204)
	at org.openqa.selenium.remote.ErrorHandler.throwIfResponseFailed(ErrorHandler.java:156)
	at org.openqa.selenium.remote.RemoteWebDriver.execute(RemoteWebDriver.java:599)
	at org.openqa.selenium.remote.RemoteWebDriver.findElement(RemoteWebDriver.java:352)
	at org.openqa.selenium.remote.RemoteWebDriver.findElementByXPath(RemoteWebDriver.java:449)
	at org.openqa.selenium.By$ByXPath.findElement(By.java:357)
	at org.openqa.selenium.remote.RemoteWebDriver.findElement(RemoteWebDriver.java:344)
	at org.openqa.selenium.support.pagefactory.DefaultElementLocator.findElement(DefaultElementLocator.java:59)
	at org.openqa.selenium.support.pagefactory.internal.LocatingElementHandler.invoke(LocatingElementHandler.java:34)
	at $Proxy9.click(Unknown Source)
	at com.gb.analytic.dashboard.VerifyCategoryReportTest.verifyclosingreportinstanceviewer(VerifyCategoryReportTest.java:113)
	at com.gb.search.utils.AllTest.alltest(AllTest.java:36)
	at sun.reflect.NativeMethodAccessorImpl.invoke0(Native Method)
	at sun.reflect.NativeMethodAccessorImpl.invoke(Unknown Source)
	at sun.reflect.DelegatingMethodAccessorImpl.invoke(Unknown Source)
	at java.lang.reflect.Method.invoke(Unknown Source)
	at org.testng.internal.MethodInvocationHelper.invokeMethod(MethodInvocationHelper.java:80)
	at org.testng.internal.Invoker.invokeMethod(Invoker.java:673)
	at org.testng.internal.Invoker.invokeTestMethod(Invoker.java:842)
	at org.testng.internal.Invoker.invokeTestMethods(Invoker.java:1166)
	at org.testng.internal.TestMethodWorker.invokeTestMethods(TestMethodWorker.java:125)
	at org.testng.internal.TestMethodWorker.run(TestMethodWorker.java:109)
	at org.testng.TestRunner.runWorkers(TestRunner.java:1178)
	at org.testng.TestRunner.privateRun(TestRunner.java:757)
	at org.testng.TestRunner.run(TestRunner.java:608)
	at org.testng.SuiteRunner.runTest(SuiteRunner.java:334)
	at org.testng.SuiteRunner.runSequentially(SuiteRunner.java:329)
	at org.testng.SuiteRunner.privateRun(SuiteRunner.java:291)
	at org.testng.SuiteRunner.run(SuiteRunner.java:240)
	at org.testng.SuiteRunnerWorker.runSuite(SuiteRunnerWorker.java:52)
	at org.testng.SuiteRunnerWorker.run(SuiteRunnerWorker.java:86)
	at org.testng.TestNG.runSuitesSequentially(TestNG.java:1158)
	at org.testng.TestNG.runSuitesLocally(TestNG.java:1083)
	at org.testng.TestNG.run(TestNG.java:999)
	at org.apache.maven.surefire.testng.TestNGExecutor.run(TestNGExecutor.java:77)
	at org.apache.maven.surefire.testng.TestNGDirectoryTestSuite.executeMulti(TestNGDirectoryTestSuite.java:159)
	at org.apache.maven.surefire.testng.TestNGDirectoryTestSuite.execute(TestNGDirectoryTestSuite.java:99)
	at org.apache.maven.surefire.testng.TestNGProvider.invoke(TestNGProvider.java:106)
	at sun.reflect.NativeMethodAccessorImpl.invoke0(Native Method)
	at sun.reflect.NativeMethodAccessorImpl.invoke(Unknown Source)
	at sun.reflect.DelegatingMethodAccessorImpl.invoke(Unknown Source)
	at java.lang.reflect.Method.invoke(Unknown Source)
	at org.apache.maven.surefire.util.ReflectionUtils.invokeMethodWithArray(ReflectionUtils.java:189)
	at org.apache.maven.surefire.booter.ProviderFactory$ProviderProxy.invoke(ProviderFactory.java:165)
	at org.apache.maven.surefire.booter.ProviderFactory.invokeProvider(ProviderFactory.java:85)
	at org.apache.maven.surefire.booter.ForkedBooter.runSuitesInProcess(ForkedBooter.java:115)
	at org.apache.maven.surefire.booter.ForkedBooter.main(ForkedBooter.java:75)
Caused by: org.openqa.selenium.remote.ErrorHandler$UnknownServerException: The given selector css=#filterlink_2 &gt; span &gt; #filterlink-close_1 is either invalid or does not result in a WebElement. The following error occurred:
InvalidSelectorError: Unable to locate an element with the xpath expression css=#filterlink_2 &gt; span &gt; #filterlink-close_1 because of the following error:
[Exception... "The expression is not a legal expression."  code: "12" nsresult: "0x805b0033 (SyntaxError)"  location: "file:///C:/Users/REKHA~1.SIN/AppData/Local/Temp/anonymous692956846711346665webdriver-profile/extensions/fxdriver@googlecode.com/components/driver_component.js Line: 6492"]
Build info: version: '2.42.2', revision: '6a6995d31c7c56c340d6f45a76976d43506cd6cc', time: '2014-06-03 10:52:47'
System info: host: 'inblrlt-REKHA', ip: '192.168.56.1', os.name: 'Windows 7', os.arch: 'x86', os.version: '6.1', java.version: '1.7.0_05'
Driver info: driver.version: unknown
	at &lt;anonymous class&gt;.FirefoxDriver.annotateInvalidSelectorError_(file:///C:/Users/REKHA~1.SIN/AppData/Local/Temp/anonymous692956846711346665webdriver-profile/extensions/fxdriver@googlecode.com/components/driver_component.js:9444)
	at &lt;anonymous class&gt;.FirefoxDriver.prototype.findElementInternal_(file:///C:/Users/REKHA~1.SIN/AppData/Local/Temp/anonymous692956846711346665webdriver-profile/extensions/fxdriver@googlecode.com/components/driver_component.js:9475)
	at &lt;anonymous class&gt;.FirefoxDriver.prototype.findElement(file:///C:/Users/REKHA~1.SIN/AppData/Local/Temp/anonymous692956846711346665webdriver-profile/extensions/fxdriver@googlecode.com/components/driver_component.js:9479)
	at &lt;anonymous class&gt;.DelayedCommand.prototype.executeInternal_/h(file:///C:/Users/REKHA~1.SIN/AppData/Local/Temp/anonymous692956846711346665webdriver-profile/extensions/fxdriver@googlecode.com/components/command_processor.js:11455)
	at &lt;anonymous class&gt;.DelayedCommand.prototype.executeInternal_(file:///C:/Users/REKHA~1.SIN/AppData/Local/Temp/anonymous692956846711346665webdriver-profile/extensions/fxdriver@googlecode.com/components/command_processor.js:11460)
	at &lt;anonymous class&gt;.DelayedCommand.prototype.execute/&lt;(file:///C:/Users/REKHA~1.SIN/AppData/Local/Temp/anonymous692956846711346665webdriver-profile/extensions/fxdriver@googlecode.com/components/command_processor.js:11402)
</pre></div></td>
<td>36</td>
<td>com.gb.search.utils.AllTest@13cb2c6</td></tr>
</table><p>
</body>
</html>